Arguments: 
  C:\Program Files\nodejs\node.exe C:\Program Files (x86)\Yarn\bin\yarn.js add reduxjs C:/Program Files/Git Redux-thunk#master

PATH: 
  C:\Users\ara22\bin;C:\Program Files\Git\mingw64\bin;C:\Program Files\Git\usr\local\bin;C:\Program Files\Git\usr\bin;C:\Program Files\Git\usr\bin;C:\Program Files\Git\mingw64\bin;C:\Program Files\Git\usr\bin;C:\Users\ara22\bin;C:\Program Files (x86)\Common Files\Oracle\Java\javapath;C:\WINDOWS\system32;C:\WINDOWS;C:\WINDOWS\System32\Wbem;C:\WINDOWS\System32\WindowsPowerShell\v1.0;C:\WINDOWS\System32\OpenSSH;C:\Program Files (x86)\Yarn\bin;C:\ProgramData\chocolatey\bin;C:\ProgramData\nvm;C:\Program Files\nodejs;C:\Program Files\PuTTY;C:\Program Files\TortoiseGit\bin;C:\Program Files\nodejs;C:\Program Files\Git\cmd;C:\Program Files\Conan\conan;C:\Users\ara22\AppData\Local\Microsoft\WindowsApps;C:\Program Files\mingw-w64\x86_64-8.1.0-win32-seh-rt_v6-rev0\mingw64\bin;C:\Users\ara22\AppData\Local\Programs\Microsoft VS Code\bin;C:\Users\ara22\AppData\Roaming\npm;C:\Program Files\Git\usr\bin\vendor_perl;C:\Program Files\Git\usr\bin\core_perl

Yarn version: 
  1.19.2

Node version: 
  16.4.0

Platform: 
  win32 x64

Trace: 
  Error: https://registry.yarnpkg.com/reduxjs: Not found
      at Request.params.callback [as _callback] (C:\Program Files (x86)\Yarn\lib\cli.js:66036:18)
      at Request.self.callback (C:\Program Files (x86)\Yarn\lib\cli.js:140586:22)
      at Request.emit (node:events:394:28)
      at Request.<anonymous> (C:\Program Files (x86)\Yarn\lib\cli.js:141558:10)
      at Request.emit (node:events:394:28)
      at IncomingMessage.<anonymous> (C:\Program Files (x86)\Yarn\lib\cli.js:141480:12)
      at Object.onceWrapper (node:events:513:28)
      at IncomingMessage.emit (node:events:406:35)
      at endReadableNT (node:internal/streams/readable:1329:12)
      at processTicksAndRejections (node:internal/process/task_queues:83:21)

npm manifest: 
  {
    "name": "techno-market",
    "version": "0.1.0",
    "private": true,
    "scripts": {
      "dev": "next dev",
      "build": "next build",
      "start": "next start",
      "lint": "next lint"
    },
    "dependencies": {
      "antd": "^4.16.11",
      "next": "11.0.1",
      "react": "17.0.2",
      "react-dom": "17.0.2",
      "react-redux": "^7.2.4",
      "redux": "^4.1.1",
      "redux-devtools-extension": "^2.13.9",
      "redux-thunk": "^2.3.0"
    },
    "devDependencies": {
      "eslint": "7.32.0",
      "eslint-config-next": "11.0.1"
    }
  }

yarn manifest: 
  No manifest

Lockfile: 
  No lockfile
